<beans xmlns="http://www.springframework.org/schema/beans"
	xmlns:xsi="http://www.w3.org/2001/XMLSchema-instance" 
	xmlns:p="http://www.springframework.org/schema/p"
	xmlns:context="http://www.springframework.org/schema/context"
	xmlns:mvc="http://www.springframework.org/schema/mvc"
	xmlns:aop="http://www.springframework.org/schema/aop"
    xmlns:tx="http://www.springframework.org/schema/tx"
	xsi:schemaLocation="http://www.springframework.org/schema/beans
       http://www.springframework.org/schema/beans/spring-beans-3.0.xsd
       http://www.springframework.org/schema/context
       http://www.springframework.org/schema/context/spring-context-3.0.xsd
       http://www.springframework.org/schema/mvc
       http://www.springframework.org/schema/mvc/spring-mvc-3.0.xsd
       http://www.springframework.org/schema/aop
       http://www.springframework.org/schema/aop/spring-aop-3.0.xsd
       http://www.springframework.org/schema/tx
       http://www.springframework.org/schema/tx/spring-tx-3.0.xsd">

	<bean id="demoDS" class="org.springframework.jdbc.datasource.DriverManagerDataSource">
        <property name="driverClassName" value="${database.driver}" />
        <property name="url" value="${database.url}" />
        <property name="username" value="${database.user}" />
        <property name="password" value="${database.password}" />
	</bean>
	
	<bean id="demoHibernateProperties"
		class="org.springframework.beans.factory.config.PropertiesFactoryBean">
		<property name="properties">
			<props>
				<!-- 
				<prop key="hibernate.current_session_context_class">thread</prop>
				 -->
				<prop key="hibernate.show_sql">true</prop>
				<prop key="hibernate.format_sql">true</prop>
				<prop key="hibernate.connection.autocommit">false</prop>
				<prop key="hibernate.dialect">${database.dialect}</prop>
				<prop key="hibernate.jdbc.batch_size">500</prop>
				<prop key="hibernate.generate_statistics">true</prop>
				<prop key="hibernate.cache.use_minimal_puts">false</prop>
				<prop key="hibernate.cache.use_structured_entries">false</prop>
				<prop key="hibernate.cache.use_second_level_cache">false</prop>
				<prop key="hibernate.cache.use_query_cache">false</prop>
				<prop key="hibernate.id.new_generator_mappings">true</prop>
			</props>
		</property>
	</bean>     

    <bean id="sessionFactory" class="org.springframework.orm.hibernate4.LocalSessionFactoryBean">
        <property name="dataSource" ref="demoDS" />
        <property name="packagesToScan">
            <list>
                <value>com.e2.domain</value>
                <value>com.e2.other</value>
            </list>
        </property>
        <property name="hibernateProperties" ref="demoHibernateProperties"/>    
    </bean> 

    <bean id="transactionManager"
        class="org.springframework.orm.hibernate4.HibernateTransactionManager">
        <property name="dataSource" ref="demoDS" />
        <property name="sessionFactory" ref="sessionFactory" />
    </bean> 
    
   <tx:annotation-driven transaction-manager="transactionManager" />
   
   <bean class="org.springframework.dao.annotation.PersistenceExceptionTranslationPostProcessor" />	
</beans>